<?xml version="1.0" encoding="UTF-8" ?>
<testsuite errors="0" failures="1" hostname="mim-HP" name="TestPairing" tests="4" time="0.084" timestamp="2014-04-12T15:38:49">
  <properties>
[...]
</properties>
  <testcase classname="TestPairing" name="testUndoPairingLeavesPointsAloneWhenGameNotPlayed" time="0.006" />
  <testcase classname="TestPairing" name="testPairingWithMaxPercentage" time="0.006">
    <failure type="junit.framework.AssertionFailedError">junit.framework.AssertionFailedError
	at TestPairing.testPairingWithMaxPercentage(TestPairing.java:173)
</failure>
  </testcase>
  <testcase classname="TestPairing" name="testPairing" time="0.004" />
  <testcase classname="TestPairing" name="testUndoPairingWithPointsAdapted" time="0.0" />
  <system-out><![CDATA[Pairingstrategy: PERCENTAGE
Pairingstrategy: PERCENTAGE
Pairingstrategy: PERCENTAGE
[Pieter Truwant (1200 (0)(sb:0.0) - JP Blondel (1200 (0)(sb:0.0)]
[Didier Dalschaert (1200 (0)(sb:0.0) - Marcel Demaertelaere (1200 (0)(sb:0.0)]
[Herman Ottevaere (1200 (5)(sb:0.0) - Mark Dechamps (1200 (10)(sb:0.0)]
[Roland Seynaeve (1200 (5)(sb:0.0) - Nele Vanhuyse (1200 (10)(sb:0.0)]
Pairingstrategy: PERCENTAGE
]]></system-out>
  <system-err><![CDATA[]]></system-err>
</testsuite>
